[0m20:05:49.658596 [debug] [MainThread]: Sending event: {'category': 'dbt', 'action': 'invocation', 'label': 'start', 'context': [<snowplow_tracker.self_describing_json.SelfDescribingJson object at 0x000001D24CA57DA0>, <snowplow_tracker.self_describing_json.SelfDescribingJson object at 0x000001D24E7EBB90>, <snowplow_tracker.self_describing_json.SelfDescribingJson object at 0x000001D24E7EB8C0>]}


============================== 20:05:49.728504 | 7bf07210-725e-4213-87e8-e06b01b4d16b ==============================
[0m20:05:49.728504 [info ] [MainThread]: Running with dbt=1.11.6
[0m20:05:49.729502 [debug] [MainThread]: running dbt with arguments {'version_check': 'True', 'no_print': 'None', 'static_parser': 'True', 'warn_error_options': 'WarnErrorOptionsV2(error=[], warn=[], silence=[])', 'target_path': 'None', 'printer_width': '80', 'write_json': 'True', 'introspect': 'True', 'log_cache_events': 'False', 'empty': 'None', 'cache_selected_only': 'False', 'fail_fast': 'False', 'debug': 'False', 'log_format': 'default', 'profiles_dir': 'C:\\Users\\home\\.dbt', 'send_anonymous_usage_stats': 'True', 'quiet': 'False', 'warn_error': 'None', 'partial_parse': 'True', 'indirect_selection': 'eager', 'invocation_command': 'dbt init transform', 'use_colors': 'True', 'use_experimental_parser': 'False', 'log_path': 'logs'}
[0m20:05:50.275026 [info ] [MainThread]: Creating dbt configuration folder at C:\Users\home\.dbt
[0m20:05:50.313496 [debug] [MainThread]: Starter project path: F:\data-pipeline-mother-duck\.venv\Lib\site-packages\dbt\include\starter_project
[0m20:05:50.639049 [info ] [MainThread]: 
Your new dbt project "transform" was created!

For more information on how to configure the profiles.yml file,
please consult the dbt documentation here:

  https://docs.getdbt.com/docs/configure-your-profile

One more thing:

Need help? Don't hesitate to reach out to us via GitHub issues or on Slack:

  https://community.getdbt.com/

Happy modeling!

[0m20:05:50.639049 [info ] [MainThread]: Setting up your profile.
[0m20:06:16.322350 [info ] [MainThread]: Profile transform written to C:\Users\home\.dbt\profiles.yml using target's sample configuration. Once updated, you'll be able to start developing with dbt.
[0m20:06:16.322350 [debug] [MainThread]: Command `dbt init` succeeded at 20:06:16.322350 after 27.03 seconds
[0m20:06:16.322350 [debug] [MainThread]: Sending event: {'category': 'dbt', 'action': 'invocation', 'label': 'end', 'context': [<snowplow_tracker.self_describing_json.SelfDescribingJson object at 0x000001D24D0775C0>, <snowplow_tracker.self_describing_json.SelfDescribingJson object at 0x000001D24E40CCE0>, <snowplow_tracker.self_describing_json.SelfDescribingJson object at 0x000001D24D157CE0>]}
[0m20:06:16.322350 [debug] [MainThread]: Flushing usage events
[0m20:06:17.912157 [debug] [MainThread]: An error was encountered while trying to flush usage events
